c:\users\seriousbear\documents\visual studio 2013\projects\pong_xml\pong_xml\debug\vc120.pdb
c:\users\seriousbear\documents\visual studio 2013\projects\pong_xml\pong_xml\debug\vc120.idb
c:\users\seriousbear\documents\visual studio 2013\projects\pong_xml\pong_xml\debug\source.obj
c:\users\seriousbear\documents\visual studio 2013\projects\pong_xml\pong_xml\debug\tinyxml2.obj
c:\users\seriousbear\documents\visual studio 2013\projects\pong_xml\pong_xml\debug\ball.obj
c:\users\seriousbear\documents\visual studio 2013\projects\pong_xml\pong_xml\debug\game.obj
c:\users\seriousbear\documents\visual studio 2013\projects\pong_xml\pong_xml\debug\paddle.obj
c:\users\seriousbear\documents\visual studio 2013\projects\pong_xml\debug\pong_xml.ilk
c:\users\seriousbear\documents\visual studio 2013\projects\pong_xml\debug\pong_xml.exe
c:\users\seriousbear\documents\visual studio 2013\projects\pong_xml\debug\pong_xml.pdb
c:\users\jooua\desktop\github\system dev\c++ - hge - pingpong\pong_xml\pong_xml\debug\pong_xml.vcxprojresolveassemblyreference.cache
c:\users\jooua\desktop\github\system dev\c++ - hge - pingpong\pong_xml\pong_xml\debug\ball.obj
c:\users\jooua\desktop\github\system dev\c++ - hge - pingpong\pong_xml\pong_xml\debug\game.obj
c:\users\jooua\desktop\github\system dev\c++ - hge - pingpong\pong_xml\pong_xml\debug\paddle.obj
c:\users\jooua\desktop\github\system dev\c++ - hge - pingpong\pong_xml\pong_xml\debug\source.obj
c:\users\jooua\desktop\github\system dev\c++ - hge - pingpong\pong_xml\pong_xml\debug\tinyxml2.obj
c:\users\jooua\desktop\github\system dev\c++ - hge - pingpong\pong_xml\pong_xml\debug\vc120.idb
c:\users\jooua\desktop\github\system dev\c++ - hge - pingpong\pong_xml\pong_xml\debug\vc120.pdb
c:\users\jooua\desktop\github\system dev\c++ - hge - pingpong\pong_xml\debug\pong_xml.pdb
c:\users\jooua\desktop\github\system dev\c++ - hge - pingpong\pong_xml\debug\pong_xml.exe
c:\users\jooua\desktop\github\system dev\c++ - hge - pingpong\pong_xml\debug\pong_xml.ilk
c:\users\jooua\desktop\github\system dev\c++ - hge - pingpong\pong_xml\pong_xml\debug\pong_xml.tlog\cl.command.1.tlog
c:\users\jooua\desktop\github\system dev\c++ - hge - pingpong\pong_xml\pong_xml\debug\pong_xml.tlog\cl.read.1.tlog
c:\users\jooua\desktop\github\system dev\c++ - hge - pingpong\pong_xml\pong_xml\debug\pong_xml.tlog\cl.write.1.tlog
c:\users\jooua\desktop\github\system dev\c++ - hge - pingpong\pong_xml\pong_xml\debug\pong_xml.tlog\link.command.1.tlog
c:\users\jooua\desktop\github\system dev\c++ - hge - pingpong\pong_xml\pong_xml\debug\pong_xml.tlog\link.read.1.tlog
c:\users\jooua\desktop\github\system dev\c++ - hge - pingpong\pong_xml\pong_xml\debug\pong_xml.tlog\link.write.1.tlog
