c:\users\seriousbear\desktop\jonas_linus_share\labb 23 - pongxml\linus ljungman\source\timer\debug\vc120.pdb
c:\users\seriousbear\documents\visual studio 2013\projects\pong_xml\timer\debug\vc120.pdb
c:\users\seriousbear\documents\visual studio 2013\projects\pong_xml\timer\debug\vc120.idb
c:\users\seriousbear\documents\visual studio 2013\projects\pong_xml\timer\debug\time.obj
c:\users\seriousbear\documents\visual studio 2013\projects\pong_xml\timer\debug\timer.obj
c:\users\seriousbear\documents\visual studio 2013\projects\pong_xml\timer\debug\timermanager.obj
c:\users\seriousbear\desktop\jonas_linus_share\labb 23 - pongxml\linus ljungman\source\debug\timer.lib
c:\users\seriousbear\documents\visual studio 2013\projects\pong_xml\debug\timer.lib
c:\users\jooua\desktop\github\system dev\c++ - hge - pingpong\pong_xml\timer\debug\time.obj
c:\users\jooua\desktop\github\system dev\c++ - hge - pingpong\pong_xml\timer\debug\timer.obj
c:\users\jooua\desktop\github\system dev\c++ - hge - pingpong\pong_xml\timer\debug\timermanager.obj
c:\users\jooua\desktop\github\system dev\c++ - hge - pingpong\pong_xml\timer\debug\vc120.idb
c:\users\jooua\desktop\github\system dev\c++ - hge - pingpong\pong_xml\timer\debug\vc120.pdb
c:\users\jooua\desktop\github\system dev\c++ - hge - pingpong\pong_xml\debug\timer.lib
c:\users\jooua\desktop\github\system dev\c++ - hge - pingpong\pong_xml\timer\debug\timer.tlog\cl.command.1.tlog
c:\users\jooua\desktop\github\system dev\c++ - hge - pingpong\pong_xml\timer\debug\timer.tlog\cl.read.1.tlog
c:\users\jooua\desktop\github\system dev\c++ - hge - pingpong\pong_xml\timer\debug\timer.tlog\cl.write.1.tlog
c:\users\jooua\desktop\github\system dev\c++ - hge - pingpong\pong_xml\timer\debug\timer.tlog\lib-link.read.1.tlog
c:\users\jooua\desktop\github\system dev\c++ - hge - pingpong\pong_xml\timer\debug\timer.tlog\lib-link.write.1.tlog
c:\users\jooua\desktop\github\system dev\c++ - hge - pingpong\pong_xml\timer\debug\timer.tlog\lib.command.1.tlog
